INFO:root:step3_AalgeraePRA109_19_07_2019.log is complete
INFO:root:step3_AalgeraePRA339_19_07_2019.log is complete
INFO:root:step3_AcastellaniiNeff_19_07_2019.log is complete
INFO:root:step3_AspWSBS2006_19_07_2019.log is complete
INFO:root:step3_BayalaiB08-376_19_07_2019.log is complete
INFO:root:step3_BbigeminaBOND_19_07_2019.log is complete
INFO:root:step3_BbovisT2Bo_19_07_2019.log is complete
INFO:root:step3_Bdivergens1802A_19_07_2019.log is complete
INFO:root:step3_BmicrotiRI_19_07_2019.log is complete
INFO:root:step3_BovataMiyake_19_07_2019.log is complete
INFO:root:step3_BsaltansLakeKonstanz_19_07_2019.log is complete
INFO:root:step3_Candersoni30847_19_07_2019.log is complete
INFO:root:step3_CcayetanensisCHN_HEN01_19_07_2019.log is complete
INFO:root:step3_CfasciculataCfCl_19_07_2019.log is complete
INFO:root:step3_CfelisWinnie_19_07_2019.log is complete
INFO:root:step3_Chominis30976_19_07_2019.log is complete
INFO:root:step3_ChominisTU502_19_07_2019.log is complete
INFO:root:step3_ChominisTU502_2012_19_07_2019.log is complete
INFO:root:step3_ChominisUdeA01_19_07_2019.log is complete
INFO:root:step3_CmeleagridisUKMEL1_19_07_2019.log is complete
INFO:root:step3_CmeleagridisUKMEL1_21_07_2019.log is complete
INFO:root:step3_CmurisRN66_19_07_2019.log is complete
INFO:root:step3_CmurisRN66_21_07_2019.log is complete
INFO:root:step3_CparvumIowaII_19_07_2019.log is complete
INFO:root:step3_CparvumIowaII_21_07_2019.log is complete
INFO:root:step3_CsuisWienI_19_07_2019.log is complete
INFO:root:step3_CtyzzeriUGA55_19_07_2019.log is complete
INFO:root:step3_Cubiquitum39726_19_07_2019.log is complete
INFO:root:step3_CveliaCCMP2878_19_07_2019.log is complete
INFO:root:step3_EacervulinaHoughton_19_07_2019.log is complete
INFO:root:step3_EaedisUSNM41457_19_07_2019.log is complete
INFO:root:step3_EbieneusiH348_19_07_2019.log is complete
INFO:root:step3_EbrunettiHoughton_19_07_2019.log is complete
INFO:root:step3_EbrunettiHoughton_21_07_2019.log is complete
INFO:root:step3_EcanceriGB1_19_07_2019.log is complete
INFO:root:step3_EcuniculiEC1_19_07_2019.log is complete
INFO:root:step3_EcuniculiEC2_19_07_2019.log is complete
INFO:root:step3_EcuniculiEC3_19_07_2019.log is complete
INFO:root:step3_EcuniculiEcunIII-L_19_07_2019.log is complete
INFO:root:step3_EcuniculiGBM1_19_07_2019.log is complete
INFO:root:step3_EdisparSAW760_19_07_2019.log is complete
INFO:root:step3_EfalciformisBayerHaberkorn1970_19_07_2019.log is complete
INFO:root:step3_EhellemATCC50504_19_07_2019.log is complete
INFO:root:step3_EhellemSwiss_19_07_2019.log is complete
INFO:root:step3_EhepatopenaeiTH1_19_07_2019.log is complete
INFO:root:step3_EhistolyticaHM1IMSS_19_07_2019.log is complete
INFO:root:step3_EhistolyticaHM1IMSS-A_19_07_2019.log is complete
INFO:root:step3_EhistolyticaHM1IMSS-B_19_07_2019.log is complete
INFO:root:step3_EhistolyticaHM3IMSS_19_07_2019.log is complete
INFO:root:step3_EhistolyticaKU27_19_07_2019.log is complete
INFO:root:step3_EintestinalisATCC50506_19_07_2019.log is complete
INFO:root:step3_EinvadensIP1_19_07_2019.log is complete
INFO:root:step3_EmaximaWeybridge_19_07_2019.log is complete
INFO:root:step3_EmitisHoughton_19_07_2019.log is complete
INFO:root:step3_EmonterogeiiLV88_19_07_2019.log is complete
INFO:root:step3_EmoshkovskiiLaredo_19_07_2019.log is complete
INFO:root:step3_EnecatrixHoughton_19_07_2019.log is complete
INFO:root:step3_EnuttalliP19_19_07_2019.log is complete
INFO:root:step3_EpraecoxHoughton_19_07_2019.log is complete
INFO:root:step3_EromaleaeSJ2008_19_07_2019.log is complete
INFO:root:step3_EtenellaHoughton_19_07_2019.log is complete
INFO:root:step3_GintestinalisAssemblageADH_19_07_2019.log is complete
INFO:root:step3_GintestinalisAssemblageAWB_19_07_2019.log is complete
INFO:root:step3_GintestinalisAssemblageBGS_19_07_2019.log is complete
INFO:root:step3_GintestinalisAssemblageBGS_B_19_07_2019.log is complete
INFO:root:step3_GintestinalisAssemblageEP15_19_07_2019.log is complete
INFO:root:step3_GniphandrodesUnknown_19_07_2019.log is complete
INFO:root:step3_Heriocheircanceri_19_07_2019.log is complete
INFO:root:step3_HeriocheirGB1_19_07_2019.log is complete
INFO:root:step3_HhammondiHH34_19_07_2019.log is complete
INFO:root:step3_LaethiopicaL147_19_07_2019.log is complete
INFO:root:step3_LamazonensisMHOMBR71973M2269_19_07_2019.log is complete
INFO:root:step3_LarabicaLEM1108_19_07_2019.log is complete
INFO:root:step3_LbraziliensisMHOMBR75M2903_19_07_2019.log is complete
INFO:root:step3_LbraziliensisMHOMBR75M2904_19_07_2019.log is complete
INFO:root:step3_LdonovaniBPK282A1_19_07_2019.log is complete
INFO:root:step3_LdonovaniCL-SL_19_07_2019.log is complete
INFO:root:step3_LenriettiiLEM3045_19_07_2019.log is complete
INFO:root:step3_LgerbilliLEM452_19_07_2019.log is complete
INFO:root:step3_LinfantumJPCM5_19_07_2019.log is complete
INFO:root:step3_LmajorFriedlin_19_07_2019.log is complete
INFO:root:step3_LmajorLV39c5_19_07_2019.log is complete
INFO:root:step3_LmajorSD75.1_19_07_2019.log is complete
INFO:root:step3_LmexicanaMHOMGT2001U1103_19_07_2019.log is complete
INFO:root:step3_LpanamensisMHOMCOL81L13_19_07_2019.log is complete
INFO:root:step3_LpanamensisMHOMPA94PSC1_19_07_2019.log is complete
INFO:root:step3_LpyrrhocorisH10_19_07_2019.log is complete
INFO:root:step3_LseymouriATCC30220_19_07_2019.log is complete
INFO:root:step3_LspMARLEM2494_19_07_2019.log is complete
INFO:root:step3_LtarentolaeParrotTarII_19_07_2019.log is complete
INFO:root:step3_LtropicaL590_19_07_2019.log is complete
INFO:root:step3_LturanicaLEM423_19_07_2019.log is complete
INFO:root:step3_MdaphniaeUGP3_19_07_2019.log is complete
INFO:root:step3_NausubeliERTm2_19_07_2019.log is complete
INFO:root:step3_NausubeliERTm6_19_07_2019.log is complete
INFO:root:step3_NbombycisCQ1_19_07_2019.log is complete
