INFO:root:step2_17_05_2019.log is complete
INFO:root:step3_AalgeraePRA109_20_05_2019.log is complete
INFO:root:step3_AalgeraePRA109_21_05_2019.log is complete
INFO:root:step3_AalgeraePRA339_20_05_2019.log is complete
INFO:root:step3_AalgeraePRA339_21_05_2019.log is complete
INFO:root:step3_AcastellaniiNeff_20_05_2019.log is complete
INFO:root:step3_AcastellaniiNeff_21_05_2019.log is complete
INFO:root:step3_AspWSBS2006_20_05_2019.log is complete
INFO:root:step3_AspWSBS2006_21_05_2019.log is complete
INFO:root:step3_BayalaiB08-376_20_05_2019.log is complete
INFO:root:step3_BayalaiB08-376_21_05_2019.log is complete
INFO:root:step3_BbigeminaBOND_20_05_2019.log is complete
INFO:root:step3_BbigeminaBOND_21_05_2019.log is complete
INFO:root:step3_BbovisT2Bo_20_05_2019.log is complete
INFO:root:step3_BbovisT2Bo_21_05_2019.log is complete
INFO:root:step3_Bdivergens1802A_20_05_2019.log is complete
INFO:root:step3_Bdivergens1802A_21_05_2019.log is complete
INFO:root:step3_BmicrotiRI_20_05_2019.log is complete
INFO:root:step3_BmicrotiRI_21_05_2019.log is complete
INFO:root:step3_BovataMiyake_20_05_2019.log is complete
INFO:root:step3_BovataMiyake_21_05_2019.log is complete
INFO:root:step3_BsaltansLakeKonstanz_20_05_2019.log is complete
INFO:root:step3_BsaltansLakeKonstanz_21_05_2019.log is complete
INFO:root:step3_Candersoni30847_20_05_2019.log is complete
INFO:root:step3_Candersoni30847_21_05_2019.log is complete
INFO:root:step3_CcayetanensisCHN_HEN01_20_05_2019.log is complete
INFO:root:step3_CcayetanensisCHN_HEN01_21_05_2019.log is complete
INFO:root:step3_CfasciculataCfCl_20_05_2019.log is complete
INFO:root:step3_CfasciculataCfCl_21_05_2019.log is complete
INFO:root:step3_CfelisWinnie_20_05_2019.log is complete
INFO:root:step3_CfelisWinnie_21_05_2019.log is complete
INFO:root:step3_Chominis30976_20_05_2019.log is complete
INFO:root:step3_Chominis30976_21_05_2019.log is complete
INFO:root:step3_ChominisTU502_20_05_2019.log is complete
INFO:root:step3_ChominisTU502_2012_20_05_2019.log is complete
INFO:root:step3_ChominisTU502_2012_21_05_2019.log is complete
INFO:root:step3_ChominisTU502_21_05_2019.log is complete
INFO:root:step3_ChominisUdeA01_20_05_2019.log is complete
INFO:root:step3_ChominisUdeA01_21_05_2019.log is complete
INFO:root:step3_CmeleagridisUKMEL1_20_05_2019.log is complete
INFO:root:step3_CmeleagridisUKMEL1_21_05_2019.log is complete
INFO:root:step3_CmurisRN66_20_05_2019.log is complete
INFO:root:step3_CmurisRN66_21_05_2019.log is complete
INFO:root:step3_CparvumIowaII_20_05_2019.log is complete
INFO:root:step3_CparvumIowaII_21_05_2019.log is complete
INFO:root:step3_CsuisWienI_20_05_2019.log is complete
INFO:root:step3_CsuisWienI_21_05_2019.log is complete
INFO:root:step3_CtyzzeriUGA55_20_05_2019.log is complete
INFO:root:step3_CtyzzeriUGA55_21_05_2019.log is complete
INFO:root:step3_Cubiquitum39726_20_05_2019.log is complete
INFO:root:step3_Cubiquitum39726_21_05_2019.log is complete
INFO:root:step3_CveliaCCMP2878_20_05_2019.log is complete
INFO:root:step3_CveliaCCMP2878_21_05_2019.log is complete
INFO:root:step3_EacervulinaHoughton_20_05_2019.log is complete
INFO:root:step3_EacervulinaHoughton_21_05_2019.log is complete
INFO:root:step3_EaedisUSNM41457_20_05_2019.log is complete
INFO:root:step3_EaedisUSNM41457_21_05_2019.log is complete
INFO:root:step3_EbieneusiH348_20_05_2019.log is complete
INFO:root:step3_EbieneusiH348_21_05_2019.log is complete
INFO:root:step3_EbrunettiHoughton_20_05_2019.log is complete
INFO:root:step3_EbrunettiHoughton_21_05_2019.log is complete
INFO:root:step3_EcanceriGB1_20_05_2019.log is complete
INFO:root:step3_EcanceriGB1_21_05_2019.log is complete
INFO:root:step3_EcuniculiEC1_20_05_2019.log is complete
INFO:root:step3_EcuniculiEC1_21_05_2019.log is complete
INFO:root:step3_EcuniculiEC2_20_05_2019.log is complete
INFO:root:step3_EcuniculiEC2_21_05_2019.log is complete
INFO:root:step3_EcuniculiEC3_20_05_2019.log is complete
INFO:root:step3_EcuniculiEC3_21_05_2019.log is complete
INFO:root:step3_EcuniculiEcunIII-L_20_05_2019.log is complete
INFO:root:step3_EcuniculiEcunIII-L_21_05_2019.log is complete
INFO:root:step3_EcuniculiGBM1_20_05_2019.log is complete
INFO:root:step3_EcuniculiGBM1_21_05_2019.log is complete
INFO:root:step3_EdisparSAW760_20_05_2019.log is complete
INFO:root:step3_EdisparSAW760_21_05_2019.log is complete
INFO:root:step3_EfalciformisBayerHaberkorn1970_20_05_2019.log is complete
INFO:root:step3_EfalciformisBayerHaberkorn1970_21_05_2019.log is complete
INFO:root:step3_EhellemATCC50504_20_05_2019.log is complete
INFO:root:step3_EhellemATCC50504_21_05_2019.log is complete
INFO:root:step3_EhellemSwiss_20_05_2019.log is complete
INFO:root:step3_EhellemSwiss_21_05_2019.log is complete
INFO:root:step3_EhepatopenaeiTH1_20_05_2019.log is complete
INFO:root:step3_EhepatopenaeiTH1_21_05_2019.log is complete
INFO:root:step3_EhistolyticaHM1IMSS_20_05_2019.log is complete
INFO:root:step3_EhistolyticaHM1IMSS_21_05_2019.log is complete
INFO:root:step3_EhistolyticaHM1IMSS-A_20_05_2019.log is complete
INFO:root:step3_EhistolyticaHM1IMSS-A_21_05_2019.log is complete
INFO:root:step3_EhistolyticaHM1IMSS-B_20_05_2019.log is complete
INFO:root:step3_EhistolyticaHM1IMSS-B_21_05_2019.log is complete
INFO:root:step3_EhistolyticaHM3IMSS_20_05_2019.log is complete
INFO:root:step3_EhistolyticaHM3IMSS_21_05_2019.log is complete
INFO:root:step3_EhistolyticaKU27_20_05_2019.log is complete
INFO:root:step3_EhistolyticaKU27_21_05_2019.log is complete
INFO:root:step3_EintestinalisATCC50506_20_05_2019.log is complete
INFO:root:step3_EintestinalisATCC50506_21_05_2019.log is complete
INFO:root:step3_EinvadensIP1_20_05_2019.log is complete
INFO:root:step3_EinvadensIP1_21_05_2019.log is complete
INFO:root:step3_EmaximaWeybridge_20_05_2019.log is complete
INFO:root:step3_EmaximaWeybridge_21_05_2019.log is complete
INFO:root:step3_EmitisHoughton_20_05_2019.log is complete
INFO:root:step3_EmitisHoughton_21_05_2019.log is complete
INFO:root:step3_EmonterogeiiLV88_20_05_2019.log is complete
INFO:root:step3_EmonterogeiiLV88_21_05_2019.log is complete
INFO:root:step3_EmoshkovskiiLaredo_20_05_2019.log is complete
INFO:root:step3_EmoshkovskiiLaredo_21_05_2019.log is complete
INFO:root:step3_EnecatrixHoughton_20_05_2019.log is complete
INFO:root:step3_EnecatrixHoughton_21_05_2019.log is complete
INFO:root:step3_EnuttalliP19_20_05_2019.log is complete
INFO:root:step3_EnuttalliP19_21_05_2019.log is complete
INFO:root:step3_EpraecoxHoughton_20_05_2019.log is complete
INFO:root:step3_EpraecoxHoughton_21_05_2019.log is complete
INFO:root:step3_EromaleaeSJ2008_20_05_2019.log is complete
INFO:root:step3_EromaleaeSJ2008_21_05_2019.log is complete
INFO:root:step3_EtenellaHoughton_20_05_2019.log is complete
INFO:root:step3_EtenellaHoughton_21_05_2019.log is complete
INFO:root:step3_GintestinalisAssemblageADH_20_05_2019.log is complete
INFO:root:step3_GintestinalisAssemblageADH_21_05_2019.log is complete
INFO:root:step3_GintestinalisAssemblageAWB_20_05_2019.log is complete
INFO:root:step3_GintestinalisAssemblageAWB_21_05_2019.log is complete
INFO:root:step3_GintestinalisAssemblageBGS_20_05_2019.log is complete
INFO:root:step3_GintestinalisAssemblageBGS_21_05_2019.log is complete
INFO:root:step3_GintestinalisAssemblageBGS_B_20_05_2019.log is complete
INFO:root:step3_GintestinalisAssemblageBGS_B_21_05_2019.log is complete
INFO:root:step3_GintestinalisAssemblageEP15_20_05_2019.log is complete
INFO:root:step3_GintestinalisAssemblageEP15_21_05_2019.log is complete
INFO:root:step3_GniphandrodesUnknown_20_05_2019.log is complete
INFO:root:step3_GniphandrodesUnknown_21_05_2019.log is complete
INFO:root:step3_Heriocheircanceri_20_05_2019.log is complete
INFO:root:step3_Heriocheircanceri_21_05_2019.log is complete
INFO:root:step3_HeriocheirGB1_20_05_2019.log is complete
INFO:root:step3_HeriocheirGB1_21_05_2019.log is complete
INFO:root:step3_HhammondiHH34_20_05_2019.log is complete
INFO:root:step3_HhammondiHH34_21_05_2019.log is complete
INFO:root:step3_LaethiopicaL147_20_05_2019.log is complete
INFO:root:step3_LaethiopicaL147_21_05_2019.log is complete
INFO:root:step3_LamazonensisMHOMBR71973M2269_20_05_2019.log is complete
INFO:root:step3_LamazonensisMHOMBR71973M2269_21_05_2019.log is complete
INFO:root:step3_LarabicaLEM1108_20_05_2019.log is complete
INFO:root:step3_LarabicaLEM1108_21_05_2019.log is complete
INFO:root:step3_LbraziliensisMHOMBR75M2903_20_05_2019.log is complete
INFO:root:step3_LbraziliensisMHOMBR75M2903_21_05_2019.log is complete
INFO:root:step3_LbraziliensisMHOMBR75M2904_20_05_2019.log is complete
INFO:root:step3_LbraziliensisMHOMBR75M2904_21_05_2019.log is complete
INFO:root:step3_LdonovaniBPK282A1_20_05_2019.log is complete
INFO:root:step3_LdonovaniBPK282A1_21_05_2019.log is complete
INFO:root:step3_LdonovaniCL-SL_20_05_2019.log is complete
INFO:root:step3_LdonovaniCL-SL_21_05_2019.log is complete
INFO:root:step3_LenriettiiLEM3045_20_05_2019.log is complete
INFO:root:step3_LenriettiiLEM3045_21_05_2019.log is complete
INFO:root:step3_LgerbilliLEM452_20_05_2019.log is complete
INFO:root:step3_LgerbilliLEM452_21_05_2019.log is complete
INFO:root:step3_LinfantumJPCM5_20_05_2019.log is complete
INFO:root:step3_LinfantumJPCM5_21_05_2019.log is complete
INFO:root:step3_LmajorFriedlin_20_05_2019.log is complete
INFO:root:step3_LmajorFriedlin_21_05_2019.log is complete
INFO:root:step3_LmajorLV39c5_20_05_2019.log is complete
INFO:root:step3_LmajorLV39c5_21_05_2019.log is complete
INFO:root:step3_LmajorSD75.1_20_05_2019.log is complete
INFO:root:step3_LmajorSD75.1_21_05_2019.log is complete
INFO:root:step3_LmajorSD75.1_23_05_2019.log is complete
INFO:root:step3_LmexicanaMHOMGT2001U1103_20_05_2019.log is complete
INFO:root:step3_LmexicanaMHOMGT2001U1103_21_05_2019.log is complete
INFO:root:step3_LpanamensisMHOMCOL81L13_20_05_2019.log is complete
INFO:root:step3_LpanamensisMHOMCOL81L13_21_05_2019.log is complete
INFO:root:step3_LpanamensisMHOMPA94PSC1_20_05_2019.log is complete
INFO:root:step3_LpanamensisMHOMPA94PSC1_21_05_2019.log is complete
INFO:root:step3_LpyrrhocorisH10_20_05_2019.log is complete
INFO:root:step3_LpyrrhocorisH10_21_05_2019.log is complete
INFO:root:step3_LseymouriATCC30220_20_05_2019.log is complete
INFO:root:step3_LseymouriATCC30220_21_05_2019.log is complete
INFO:root:step3_LspMARLEM2494_20_05_2019.log is complete
INFO:root:step3_LspMARLEM2494_21_05_2019.log is complete
INFO:root:step3_LtarentolaeParrotTarII_20_05_2019.log is complete
INFO:root:step3_LtarentolaeParrotTarII_21_05_2019.log is complete
INFO:root:step3_LtropicaL590_20_05_2019.log is complete
INFO:root:step3_LtropicaL590_21_05_2019.log is complete
INFO:root:step3_LturanicaLEM423_20_05_2019.log is complete
INFO:root:step3_LturanicaLEM423_21_05_2019.log is complete
INFO:root:step3_MdaphniaeUGP3_20_05_2019.log is complete
INFO:root:step3_MdaphniaeUGP3_21_05_2019.log is complete
INFO:root:step3_NausubeliERTm2_20_05_2019.log is complete
INFO:root:step3_NausubeliERTm2_21_05_2019.log is complete
INFO:root:step3_NausubeliERTm6_20_05_2019.log is complete
INFO:root:step3_NausubeliERTm6_21_05_2019.log is complete
INFO:root:step3_NbombycisCQ1_20_05_2019.log is complete
INFO:root:step3_NbombycisCQ1_21_05_2019.log is complete
INFO:root:step3_NcaninumLIV_20_05_2019.log is complete
INFO:root:step3_NcaninumLIV_21_05_2019.log is complete
INFO:root:step3_NceranaeBRL01_20_05_2019.log is complete
INFO:root:step3_NceranaeBRL01_21_05_2019.log is complete
INFO:root:step3_NceranaePA08_1199_20_05_2019.log is complete
INFO:root:step3_NceranaePA08_1199_21_05_2019.log is complete
INFO:root:step3_NdisplodereJUm2807_20_05_2019.log is complete
INFO:root:step3_NdisplodereJUm2807_21_05_2019.log is complete
INFO:root:step3_NfowleriATCC30863_20_05_2019.log is complete
INFO:root:step3_NfowleriATCC30863_21_05_2019.log is complete
INFO:root:step3_NparisiiERTm1_20_05_2019.log is complete
INFO:root:step3_NparisiiERTm1_21_05_2019.log is complete
INFO:root:step3_NparisiiERTm3_20_05_2019.log is complete
INFO:root:step3_NparisiiERTm3_21_05_2019.log is complete
INFO:root:step3_OcolligataOC4_20_05_2019.log is complete
INFO:root:step3_OcolligataOC4_21_05_2019.log is complete
INFO:root:step3_PadleriG01_20_05_2019.log is complete
INFO:root:step3_PadleriG01_21_05_2019.log is complete
INFO:root:step3_PadleriG01_22_05_2019.log is complete
INFO:root:step3_PbergheiANKA_20_05_2019.log is complete
INFO:root:step3_PbergheiANKA_21_05_2019.log is complete
INFO:root:step3_PbergheiANKA_22_05_2019.log is complete
INFO:root:step3_PbillcollinsiG01_20_05_2019.log is complete
INFO:root:step3_PbillcollinsiG01_21_05_2019.log is complete
INFO:root:step3_PbillcollinsiG01_22_05_2019.log is complete
INFO:root:step3_PblacklockiG01_20_05_2019.log is complete
INFO:root:step3_PblacklockiG01_21_05_2019.log is complete
INFO:root:step3_PblacklockiG01_22_05_2019.log is complete
INFO:root:step3_Pchabaudichabaudi_20_05_2019.log is complete
INFO:root:step3_Pchabaudichabaudi_21_05_2019.log is complete
INFO:root:step3_Pchabaudichabaudi_22_05_2019.log is complete
INFO:root:step3_PcoatneyiHackeri_20_05_2019.log is complete
INFO:root:step3_PcoatneyiHackeri_21_05_2019.log is complete
INFO:root:step3_PcoatneyiHackeri_22_05_2019.log is complete
INFO:root:step3_PconfusumCUL13_20_05_2019.log is complete
INFO:root:step3_PconfusumCUL13_21_05_2019.log is complete
INFO:root:step3_PcynomolgiB_20_05_2019.log is complete
INFO:root:step3_PcynomolgiB_21_05_2019.log is complete
INFO:root:step3_PcynomolgiB_22_05_2019.log is complete
INFO:root:step3_PcynomolgiM_20_05_2019.log is complete
INFO:root:step3_PcynomolgiM_21_05_2019.log is complete
INFO:root:step3_PcynomolgiM_22_05_2019.log is complete
INFO:root:step3_Pfalciparum3D7_20_05_2019.log is complete
INFO:root:step3_Pfalciparum3D7_21_05_2019.log is complete
INFO:root:step3_Pfalciparum3D7_22_05_2019.log is complete
INFO:root:step3_Pfalciparum7G8_20_05_2019.log is complete
INFO:root:step3_Pfalciparum7G8_21_05_2019.log is complete
INFO:root:step3_Pfalciparum7G8_22_05_2019.log is complete
INFO:root:step3_PfalciparumCD01_20_05_2019.log is complete
INFO:root:step3_PfalciparumCD01_21_05_2019.log is complete
INFO:root:step3_PfalciparumCD01_22_05_2019.log is complete
INFO:root:step3_PfalciparumDd2_20_05_2019.log is complete
INFO:root:step3_PfalciparumDd2_21_05_2019.log is complete
INFO:root:step3_PfalciparumDd2_22_05_2019.log is complete
INFO:root:step3_PfalciparumGA01_20_05_2019.log is complete
INFO:root:step3_PfalciparumGA01_21_05_2019.log is complete
INFO:root:step3_PfalciparumGA01_22_05_2019.log is complete
INFO:root:step3_PfalciparumGB4_20_05_2019.log is complete
INFO:root:step3_PfalciparumGB4_21_05_2019.log is complete
INFO:root:step3_PfalciparumGB4_22_05_2019.log is complete
INFO:root:step3_PfalciparumGN01_20_05_2019.log is complete
INFO:root:step3_PfalciparumGN01_21_05_2019.log is complete
INFO:root:step3_PfalciparumGN01_22_05_2019.log is complete
INFO:root:step3_PfalciparumHB3_20_05_2019.log is complete
INFO:root:step3_PfalciparumHB3_21_05_2019.log is complete
INFO:root:step3_PfalciparumHB3_22_05_2019.log is complete
INFO:root:step3_PfalciparumIT_20_05_2019.log is complete
INFO:root:step3_PfalciparumIT_21_05_2019.log is complete
INFO:root:step3_PfalciparumIT_22_05_2019.log is complete
INFO:root:step3_PfalciparumKE01_20_05_2019.log is complete
INFO:root:step3_PfalciparumKE01_21_05_2019.log is complete
INFO:root:step3_PfalciparumKE01_22_05_2019.log is complete
INFO:root:step3_PfalciparumKH01_20_05_2019.log is complete
INFO:root:step3_PfalciparumKH01_21_05_2019.log is complete
INFO:root:step3_PfalciparumKH01_22_05_2019.log is complete
INFO:root:step3_PfalciparumKH02_20_05_2019.log is complete
INFO:root:step3_PfalciparumKH02_21_05_2019.log is complete
INFO:root:step3_PfalciparumKH02_22_05_2019.log is complete
INFO:root:step3_PfalciparumML01_20_05_2019.log is complete
INFO:root:step3_PfalciparumML01_21_05_2019.log is complete
INFO:root:step3_PfalciparumML01_22_05_2019.log is complete
INFO:root:step3_PfalciparumSD01_20_05_2019.log is complete
INFO:root:step3_PfalciparumSD01_21_05_2019.log is complete
INFO:root:step3_PfalciparumSD01_22_05_2019.log is complete
INFO:root:step3_PfalciparumSN01_20_05_2019.log is complete
INFO:root:step3_PfalciparumSN01_21_05_2019.log is complete
INFO:root:step3_PfalciparumSN01_22_05_2019.log is complete
INFO:root:step3_PfalciparumTG01_20_05_2019.log is complete
INFO:root:step3_PfalciparumTG01_21_05_2019.log is complete
INFO:root:step3_PfalciparumTG01_22_05_2019.log is complete
INFO:root:step3_PfragileNilgiri_20_05_2019.log is complete
INFO:root:step3_PfragileNilgiri_21_05_2019.log is complete
INFO:root:step3_PfragileNilgiri_22_05_2019.log is complete
INFO:root:step3_PgaboniG01_20_05_2019.log is complete
INFO:root:step3_PgaboniG01_21_05_2019.log is complete
INFO:root:step3_PgaboniG01_22_05_2019.log is complete
INFO:root:step3_PgaboniSY75_20_05_2019.log is complete
INFO:root:step3_PgaboniSY75_21_05_2019.log is complete
INFO:root:step3_PgaboniSY75_22_05_2019.log is complete
INFO:root:step3_Pgallinaceum8A_20_05_2019.log is complete
INFO:root:step3_Pgallinaceum8A_21_05_2019.log is complete
INFO:root:step3_Pgallinaceum8A_22_05_2019.log is complete
INFO:root:step3_PinuiSanAntonio1_20_05_2019.log is complete
INFO:root:step3_PinuiSanAntonio1_21_05_2019.log is complete
INFO:root:step3_PinuiSanAntonio1_22_05_2019.log is complete
INFO:root:step3_PknowlesiH_20_05_2019.log is complete
INFO:root:step3_PknowlesiH_21_05_2019.log is complete
INFO:root:step3_PknowlesiH_22_05_2019.log is complete
INFO:root:step3_PknowlesiMalayanPk1A_20_05_2019.log is complete
INFO:root:step3_PknowlesiMalayanPk1A_21_05_2019.log is complete
INFO:root:step3_PknowlesiMalayanPk1A_22_05_2019.log is complete
INFO:root:step3_PmalariaeUG01_20_05_2019.log is complete
INFO:root:step3_PmalariaeUG01_21_05_2019.log is complete
INFO:root:step3_PmalariaeUG01_22_05_2019.log is complete
INFO:root:step3_PneurophiliaMK1_20_05_2019.log is complete
INFO:root:step3_PneurophiliaMK1_21_05_2019.log is complete
INFO:root:step3_PovalecurtisiGH01_20_05_2019.log is complete
INFO:root:step3_PovalecurtisiGH01_21_05_2019.log is complete
INFO:root:step3_PovalecurtisiGH01_22_05_2019.log is complete
INFO:root:step3_PpraefalciparumG01_20_05_2019.log is complete
INFO:root:step3_PpraefalciparumG01_21_05_2019.log is complete
INFO:root:step3_PpraefalciparumG01_22_05_2019.log is complete
INFO:root:step3_PreichenowiCDC_20_05_2019.log is complete
INFO:root:step3_PreichenowiCDC_21_05_2019.log is complete
INFO:root:step3_PreichenowiCDC_22_05_2019.log is complete
INFO:root:step3_PreichenowiG01_20_05_2019.log is complete
INFO:root:step3_PreichenowiG01_21_05_2019.log is complete
INFO:root:step3_PreichenowiG01_22_05_2019.log is complete
INFO:root:step3_PrelictumSGS1-like_20_05_2019.log is complete
INFO:root:step3_PrelictumSGS1-like_21_05_2019.log is complete
INFO:root:step3_PrelictumSGS1-like_22_05_2019.log is complete
INFO:root:step3_PvinckeipetteriCR_20_05_2019.log is complete
INFO:root:step3_PvinckeipetteriCR_21_05_2019.log is complete
INFO:root:step3_PvinckeipetteriCR_22_05_2019.log is complete
INFO:root:step3_Pvinckeivinckeivinckei_20_05_2019.log is complete
INFO:root:step3_Pvinckeivinckeivinckei_21_05_2019.log is complete
INFO:root:step3_Pvinckeivinckeivinckei_22_05_2019.log is complete
INFO:root:step3_Pvivax-likePvl01_20_05_2019.log is complete
INFO:root:step3_Pvivax-likePvl01_21_05_2019.log is complete
INFO:root:step3_Pvivax-likePvl01_22_05_2019.log is complete
INFO:root:step3_PvivaxP01_20_05_2019.log is complete
INFO:root:step3_PvivaxP01_21_05_2019.log is complete
INFO:root:step3_PvivaxP01_22_05_2019.log is complete
INFO:root:step3_PvivaxSal1_20_05_2019.log is complete
INFO:root:step3_PvivaxSal1_21_05_2019.log is complete
INFO:root:step3_PvivaxSal1_22_05_2019.log is complete
INFO:root:step3_Pyoeliiyoelii17X_20_05_2019.log is complete
INFO:root:step3_Pyoeliiyoelii17X_21_05_2019.log is complete
INFO:root:step3_Pyoeliiyoelii17X_22_05_2019.log is complete
INFO:root:step3_Pyoeliiyoelii17XNL_20_05_2019.log is complete
INFO:root:step3_Pyoeliiyoelii17XNL_21_05_2019.log is complete
INFO:root:step3_Pyoeliiyoelii17XNL_22_05_2019.log is complete
INFO:root:step3_PyoeliiyoeliiYM_20_05_2019.log is complete
INFO:root:step3_PyoeliiyoeliiYM_21_05_2019.log is complete
INFO:root:step3_PyoeliiyoeliiYM_22_05_2019.log is complete
INFO:root:step3_Slophii42_110_20_05_2019.log is complete
INFO:root:step3_Slophii42_110_21_05_2019.log is complete
INFO:root:step3_SneuronaSN3_20_05_2019.log is complete
INFO:root:step3_SneuronaSN3_21_05_2019.log is complete
INFO:root:step3_SneuronaSOSN1_20_05_2019.log is complete
INFO:root:step3_SneuronaSOSN1_21_05_2019.log is complete
INFO:root:step3_SsalmonicidaATCC50377_20_05_2019.log is complete
INFO:root:step3_SsalmonicidaATCC50377_21_05_2019.log is complete
INFO:root:step3_TannulataAnkara_20_05_2019.log is complete
INFO:root:step3_TannulataAnkara_21_05_2019.log is complete
INFO:root:step3_TbruceigambienseDAL972_20_05_2019.log is complete
INFO:root:step3_TbruceigambienseDAL972_21_05_2019.log is complete
INFO:root:step3_TbruceiLister427_20_05_2019.log is complete
INFO:root:step3_TbruceiLister427_2018_20_05_2019.log is complete
INFO:root:step3_TbruceiLister427_2018_21_05_2019.log is complete
INFO:root:step3_TbruceiLister427_21_05_2019.log is complete
INFO:root:step3_TbruceiTREU927_20_05_2019.log is complete
INFO:root:step3_TbruceiTREU927_21_05_2019.log is complete
INFO:root:step3_TcongolenseIL3000_20_05_2019.log is complete
INFO:root:step3_TcongolenseIL3000_21_05_2019.log is complete
INFO:root:step3_TcruziCLBrener_20_05_2019.log is complete
INFO:root:step3_TcruziCLBrener_21_05_2019.log is complete
INFO:root:step3_TcruziCLBrenerEsmeraldo-like_20_05_2019.log is complete
INFO:root:step3_TcruziCLBrenerEsmeraldo-like_21_05_2019.log is complete
INFO:root:step3_TcruziCLBrenerNon-Esmeraldo-like_20_05_2019.log is complete
INFO:root:step3_TcruziCLBrenerNon-Esmeraldo-like_21_05_2019.log is complete
INFO:root:step3_TcruziDm28c2014_20_05_2019.log is complete
INFO:root:step3_TcruziDm28c2014_21_05_2019.log is complete
INFO:root:step3_TcruziDm28c2017_20_05_2019.log is complete
INFO:root:step3_TcruziDm28c2017_21_05_2019.log is complete
INFO:root:step3_TcruziDm28c2018_20_05_2019.log is complete
INFO:root:step3_TcruziDm28c2018_21_05_2019.log is complete
INFO:root:step3_TcruzimarinkelleiB7_20_05_2019.log is complete
INFO:root:step3_TcruzimarinkelleiB7_21_05_2019.log is complete
INFO:root:step3_TcruziSylvioX10-1_20_05_2019.log is complete
INFO:root:step3_TcruziSylvioX10-1-2012_20_05_2019.log is complete
INFO:root:step3_TcruziSylvioX10-1-2012_21_05_2019.log is complete
INFO:root:step3_TcruziSylvioX10-1_21_05_2019.log is complete
INFO:root:step3_TcruziTCC_20_05_2019.log is complete
INFO:root:step3_TcruziTCC_21_05_2019.log is complete
INFO:root:step3_TequiWA_20_05_2019.log is complete
INFO:root:step3_TequiWA_21_05_2019.log is complete
INFO:root:step3_TevansiSTIB805_20_05_2019.log is complete
INFO:root:step3_TevansiSTIB805_21_05_2019.log is complete
INFO:root:step3_TgondiiARI_20_05_2019.log is complete
INFO:root:step3_TgondiiARI_21_05_2019.log is complete
INFO:root:step3_TgondiiFOU_20_05_2019.log is complete
INFO:root:step3_TgondiiFOU_21_05_2019.log is complete
INFO:root:step3_TgondiiGAB2-2007-GAL-DOM2_20_05_2019.log is complete
INFO:root:step3_TgondiiGAB2-2007-GAL-DOM2_21_05_2019.log is complete
INFO:root:step3_TgondiiGT1_20_05_2019.log is complete
INFO:root:step3_TgondiiGT1_21_05_2019.log is complete
INFO:root:step3_TgondiiMAS_20_05_2019.log is complete
INFO:root:step3_TgondiiMAS_21_05_2019.log is complete
INFO:root:step3_TgondiiME49_20_05_2019.log is complete
INFO:root:step3_TgondiiME49_21_05_2019.log is complete
INFO:root:step3_Tgondiip89_20_05_2019.log is complete
INFO:root:step3_Tgondiip89_21_05_2019.log is complete
INFO:root:step3_TgondiiRH_20_05_2019.log is complete
INFO:root:step3_TgondiiRH_21_05_2019.log is complete
INFO:root:step3_TgondiiRUB_20_05_2019.log is complete
INFO:root:step3_TgondiiRUB_21_05_2019.log is complete
INFO:root:step3_TgondiiTgCatPRC2_20_05_2019.log is complete
INFO:root:step3_TgondiiTgCatPRC2_21_05_2019.log is complete
INFO:root:step3_TgondiiVAND_20_05_2019.log is complete
INFO:root:step3_TgondiiVAND_21_05_2019.log is complete
INFO:root:step3_TgondiiVEG_20_05_2019.log is complete
INFO:root:step3_TgondiiVEG_21_05_2019.log is complete
INFO:root:step3_TgrayiANR4_21_05_2019.log is complete
INFO:root:step3_ThominisUnknown_21_05_2019.log is complete
INFO:root:step3_TorientalisShintoku_21_05_2019.log is complete
INFO:root:step3_TparvaMuguga_21_05_2019.log is complete
INFO:root:step3_TrangeliSC58_21_05_2019.log is complete
INFO:root:step3_TtheileriEdinburgh_21_05_2019.log is complete
INFO:root:step3_TvaginalisG3_21_05_2019.log is complete
INFO:root:step3_TvivaxY486_21_05_2019.log is complete
INFO:root:step3_VbrassicaformisCCMP3155_21_05_2019.log is complete
INFO:root:step3_VcorneaeATCC50505_21_05_2019.log is complete
INFO:root:step3_Vculicisfloridensis_21_05_2019.log is complete
INFO:root:step5_with_biomass_PadleriG01_21_05_2019.log is complete
INFO:root:step5_with_biomass_PadleriG01_22_05_2019.log is complete
INFO:root:step5_with_biomass_PbergheiANKA_20_05_2019.log is complete
INFO:root:step5_with_biomass_PbergheiANKA_21_05_2019.log is complete
INFO:root:step5_with_biomass_PbergheiANKA_22_05_2019.log is complete
INFO:root:step5_with_biomass_PbillcollinsiG01_20_05_2019.log is complete
INFO:root:step5_with_biomass_PbillcollinsiG01_21_05_2019.log is complete
INFO:root:step5_with_biomass_PbillcollinsiG01_22_05_2019.log is complete
INFO:root:step5_with_biomass_PblacklockiG01_20_05_2019.log is complete
INFO:root:step5_with_biomass_PblacklockiG01_21_05_2019.log is complete
INFO:root:step5_with_biomass_PblacklockiG01_22_05_2019.log is complete
INFO:root:step5_with_biomass_Pchabaudichabaudi_20_05_2019.log is complete
INFO:root:step5_with_biomass_Pchabaudichabaudi_21_05_2019.log is complete
INFO:root:step5_with_biomass_Pchabaudichabaudi_22_05_2019.log is complete
INFO:root:step5_with_biomass_PcoatneyiHackeri_20_05_2019.log is complete
INFO:root:step5_with_biomass_PcoatneyiHackeri_21_05_2019.log is complete
INFO:root:step5_with_biomass_PcoatneyiHackeri_22_05_2019.log is complete
INFO:root:step5_with_biomass_PcynomolgiB_20_05_2019.log is complete
INFO:root:step5_with_biomass_PcynomolgiB_21_05_2019.log is complete
INFO:root:step5_with_biomass_PcynomolgiB_22_05_2019.log is complete
INFO:root:step5_with_biomass_PcynomolgiM_20_05_2019.log is complete
INFO:root:step5_with_biomass_PcynomolgiM_21_05_2019.log is complete
INFO:root:step5_with_biomass_PcynomolgiM_22_05_2019.log is complete
INFO:root:step5_with_biomass_Pfalciparum3D7_20_05_2019.log is complete
INFO:root:step5_with_biomass_Pfalciparum3D7_21_05_2019.log is complete
INFO:root:step5_with_biomass_Pfalciparum3D7_22_05_2019.log is complete
INFO:root:step5_with_biomass_Pfalciparum7G8_20_05_2019.log is complete
INFO:root:step5_with_biomass_Pfalciparum7G8_21_05_2019.log is complete
INFO:root:step5_with_biomass_Pfalciparum7G8_22_05_2019.log is complete
INFO:root:step5_with_biomass_PfalciparumCD01_20_05_2019.log is complete
INFO:root:step5_with_biomass_PfalciparumCD01_21_05_2019.log is complete
INFO:root:step5_with_biomass_PfalciparumCD01_22_05_2019.log is complete
INFO:root:step5_with_biomass_PfalciparumDd2_20_05_2019.log is complete
INFO:root:step5_with_biomass_PfalciparumDd2_21_05_2019.log is complete
INFO:root:step5_with_biomass_PfalciparumDd2_22_05_2019.log is complete
INFO:root:step5_with_biomass_PfalciparumGA01_20_05_2019.log is complete
INFO:root:step5_with_biomass_PfalciparumGA01_21_05_2019.log is complete
INFO:root:step5_with_biomass_PfalciparumGA01_22_05_2019.log is complete
INFO:root:step5_with_biomass_PfalciparumGB4_20_05_2019.log is complete
INFO:root:step5_with_biomass_PfalciparumGB4_21_05_2019.log is complete
INFO:root:step5_with_biomass_PfalciparumGB4_22_05_2019.log is complete
INFO:root:step5_with_biomass_PfalciparumGN01_20_05_2019.log is complete
INFO:root:step5_with_biomass_PfalciparumGN01_21_05_2019.log is complete
INFO:root:step5_with_biomass_PfalciparumGN01_22_05_2019.log is complete
INFO:root:step5_with_biomass_PfalciparumHB3_20_05_2019.log is complete
INFO:root:step5_with_biomass_PfalciparumHB3_21_05_2019.log is complete
INFO:root:step5_with_biomass_PfalciparumHB3_22_05_2019.log is complete
INFO:root:step5_with_biomass_PfalciparumIT_20_05_2019.log is complete
INFO:root:step5_with_biomass_PfalciparumIT_21_05_2019.log is complete
INFO:root:step5_with_biomass_PfalciparumIT_22_05_2019.log is complete
INFO:root:step5_with_biomass_PfalciparumKE01_20_05_2019.log is complete
INFO:root:step5_with_biomass_PfalciparumKE01_21_05_2019.log is complete
INFO:root:step5_with_biomass_PfalciparumKE01_22_05_2019.log is complete
INFO:root:step5_with_biomass_PfalciparumKH01_20_05_2019.log is complete
INFO:root:step5_with_biomass_PfalciparumKH01_21_05_2019.log is complete
INFO:root:step5_with_biomass_PfalciparumKH01_22_05_2019.log is complete
INFO:root:step5_with_biomass_PfalciparumKH02_20_05_2019.log is complete
INFO:root:step5_with_biomass_PfalciparumKH02_21_05_2019.log is complete
INFO:root:step5_with_biomass_PfalciparumKH02_22_05_2019.log is complete
INFO:root:step5_with_biomass_PfalciparumML01_21_05_2019.log is complete
INFO:root:step5_with_biomass_PfalciparumML01_22_05_2019.log is complete
INFO:root:step5_with_biomass_PfalciparumSD01_20_05_2019.log is complete
INFO:root:step5_with_biomass_PfalciparumSD01_21_05_2019.log is complete
INFO:root:step5_with_biomass_PfalciparumSD01_22_05_2019.log is complete
INFO:root:step5_with_biomass_PfalciparumSN01_20_05_2019.log is complete
INFO:root:step5_with_biomass_PfalciparumSN01_21_05_2019.log is complete
INFO:root:step5_with_biomass_PfalciparumSN01_22_05_2019.log is complete
INFO:root:step5_with_biomass_PfalciparumTG01_20_05_2019.log is complete
INFO:root:step5_with_biomass_PfalciparumTG01_21_05_2019.log is complete
INFO:root:step5_with_biomass_PfalciparumTG01_22_05_2019.log is complete
INFO:root:step5_with_biomass_PfragileNilgiri_21_05_2019.log is complete
INFO:root:step5_with_biomass_PfragileNilgiri_22_05_2019.log is complete
INFO:root:step5_with_biomass_PgaboniG01_20_05_2019.log is complete
INFO:root:step5_with_biomass_PgaboniG01_21_05_2019.log is complete
INFO:root:step5_with_biomass_PgaboniG01_22_05_2019.log is complete
INFO:root:step5_with_biomass_PgaboniSY75_20_05_2019.log is complete
INFO:root:step5_with_biomass_PgaboniSY75_21_05_2019.log is complete
INFO:root:step5_with_biomass_PgaboniSY75_22_05_2019.log is complete
INFO:root:step5_with_biomass_Pgallinaceum8A_21_05_2019.log is complete
INFO:root:step5_with_biomass_Pgallinaceum8A_22_05_2019.log is complete
INFO:root:step5_with_biomass_PinuiSanAntonio1_21_05_2019.log is complete
INFO:root:step5_with_biomass_PinuiSanAntonio1_22_05_2019.log is complete
INFO:root:step5_with_biomass_PknowlesiH_21_05_2019.log is complete
INFO:root:step5_with_biomass_PknowlesiH_22_05_2019.log is complete
INFO:root:step5_with_biomass_PknowlesiMalayanPk1A_21_05_2019.log is complete
INFO:root:step5_with_biomass_PknowlesiMalayanPk1A_22_05_2019.log is complete
INFO:root:step5_with_biomass_PmalariaeUG01_21_05_2019.log is complete
INFO:root:step5_with_biomass_PmalariaeUG01_22_05_2019.log is complete
INFO:root:step5_with_biomass_PovalecurtisiGH01_21_05_2019.log is complete
INFO:root:step5_with_biomass_PovalecurtisiGH01_22_05_2019.log is complete
INFO:root:step5_with_biomass_PpraefalciparumG01_21_05_2019.log is complete
INFO:root:step5_with_biomass_PpraefalciparumG01_22_05_2019.log is complete
INFO:root:step5_with_biomass_PreichenowiCDC_21_05_2019.log is complete
INFO:root:step5_with_biomass_PreichenowiCDC_22_05_2019.log is complete
INFO:root:step5_with_biomass_PreichenowiG01_21_05_2019.log is complete
INFO:root:step5_with_biomass_PreichenowiG01_22_05_2019.log is complete
INFO:root:step5_with_biomass_PrelictumSGS1-like_21_05_2019.log is complete
INFO:root:step5_with_biomass_PrelictumSGS1-like_22_05_2019.log is complete
INFO:root:step5_with_biomass_PvinckeipetteriCR_21_05_2019.log is complete
INFO:root:step5_with_biomass_PvinckeipetteriCR_22_05_2019.log is complete
INFO:root:step5_with_biomass_Pvinckeivinckeivinckei_21_05_2019.log is complete
INFO:root:step5_with_biomass_Pvinckeivinckeivinckei_22_05_2019.log is complete
INFO:root:step5_with_biomass_PvivaxP01_21_05_2019.log is complete
INFO:root:step5_with_biomass_PvivaxP01_22_05_2019.log is complete
INFO:root:step5_with_biomass_PvivaxSal1_21_05_2019.log is complete
INFO:root:step5_with_biomass_PvivaxSal1_22_05_2019.log is complete
INFO:root:step5_with_biomass_Pyoeliiyoelii17X_21_05_2019.log is complete
INFO:root:step5_with_biomass_Pyoeliiyoelii17X_22_05_2019.log is complete
INFO:root:step5_with_biomass_Pyoeliiyoelii17XNL_21_05_2019.log is complete
INFO:root:step5_with_biomass_Pyoeliiyoelii17XNL_22_05_2019.log is complete
INFO:root:step5_with_biomass_PyoeliiyoeliiYM_21_05_2019.log is complete
INFO:root:step5_with_biomass_PyoeliiyoeliiYM_22_05_2019.log is complete
